\BOOKMARK [1][-]{section.1}{Introduction}{}% 1
\BOOKMARK [1][-]{section.2}{Motivation}{}% 2
\BOOKMARK [1][-]{section.3}{Visualize text corpus}{}% 3
\BOOKMARK [2][-]{subsection.3.1}{Literature review}{section.3}% 4
\BOOKMARK [2][-]{subsection.3.2}{Graph based visualization}{section.3}% 5
\BOOKMARK [1][-]{section.4}{Topic models}{}% 6
\BOOKMARK [2][-]{subsection.4.1}{Literature review}{section.4}% 7
\BOOKMARK [2][-]{subsection.4.2}{Latent dirichlet allocation}{section.4}% 8
\BOOKMARK [2][-]{subsection.4.3}{Non-negative Matrix Factorization}{section.4}% 9
\BOOKMARK [1][-]{section.5}{Similarity between short texts}{}% 10
\BOOKMARK [2][-]{subsection.5.1}{Literature review}{section.5}% 11
\BOOKMARK [2][-]{subsection.5.2}{Cosine Similarity}{section.5}% 12
\BOOKMARK [1][-]{section.6}{Prototype implementation}{}% 13
\BOOKMARK [2][-]{subsection.6.1}{Framework}{section.6}% 14
\BOOKMARK [2][-]{subsection.6.2}{Data Collection}{section.6}% 15
\BOOKMARK [3][-]{subsubsection.6.2.1}{Retrieve data from Facebook}{subsection.6.2}% 16
\BOOKMARK [3][-]{subsubsection.6.2.2}{Retrieve data from Twitter}{subsection.6.2}% 17
\BOOKMARK [2][-]{subsection.6.3}{Data visualization}{section.6}% 18
\BOOKMARK [3][-]{subsubsection.6.3.1}{Contribution over time}{subsection.6.3}% 19
\BOOKMARK [3][-]{subsubsection.6.3.2}{Summary of posts}{subsection.6.3}% 20
\BOOKMARK [3][-]{subsubsection.6.3.3}{Topic models}{subsection.6.3}% 21
\BOOKMARK [3][-]{subsubsection.6.3.4}{Impact of posts}{subsection.6.3}% 22
\BOOKMARK [1][-]{section.7}{Conclusion}{}% 23
